# JRE version: Java(TM) SE Runtime Environment (8.0_91-b14) (build 1.8.0_91-b14)
# Java VM: Java HotSpot(TM) 64-Bit Server VM (25.91-b14 mixed mode windows-amd64 compressed oops)
Heap:
 PSYoungGen      total 239104K, used 202314K [0x00000000eab00000, 0x0000000100000000, 0x0000000100000000)
  eden space 183296K, 80% used [0x00000000eab00000,0x00000000f3a6ee30,0x00000000f5e00000)
  from space 55808K, 99% used [0x00000000f5e00000,0x00000000f9423c10,0x00000000f9480000)
  to   space 85504K, 0% used [0x00000000fac80000,0x00000000fac80000,0x0000000100000000)
 ParOldGen       total 699392K, used 392134K [0x00000000c0000000, 0x00000000eab00000, 0x00000000eab00000)
  object space 699392K, 56% used [0x00000000c0000000,0x00000000d7ef1a30,0x00000000eab00000)
 Metaspace       used 82599K, capacity 87844K, committed 88064K, reserved 1126400K
  class space    used 10296K, capacity 11072K, committed 11264K, reserved 1048576K
GC Heap History (10 events):
Event: 18862.956 GC heap before
{Heap before GC invocations=707 (full 55):
 PSYoungGen      total 273408K, used 20352K [0x00000000eab00000, 0x00000000ffe00000, 0x0000000100000000)
  eden space 201728K, 0% used [0x00000000eab00000,0x00000000eab00000,0x00000000f7000000)
  from space 71680K, 28% used [0x00000000f7000000,0x00000000f83e0000,0x00000000fb600000)
  to   space 70144K, 0% used [0x00000000fb980000,0x00000000fb980000,0x00000000ffe00000)
 ParOldGen       total 699392K, used 647275K [0x00000000c0000000, 0x00000000eab00000, 0x00000000eab00000)
  object space 699392K, 92% used [0x00000000c0000000,0x00000000e781af20,0x00000000eab00000)
 Metaspace       used 82377K, capacity 87478K, committed 87808K, reserved 1126400K
  class space    used 10263K, capacity 11035K, committed 11264K, reserved 1048576K
Event: 18863.501 GC heap after
Heap after GC invocations=707 (full 55):
 PSYoungGen      total 273408K, used 0K [0x00000000eab00000, 0x00000000ffe00000, 0x0000000100000000)
  eden space 201728K, 0% used [0x00000000eab00000,0x00000000eab00000,0x00000000f7000000)
  from space 71680K, 0% used [0x00000000f7000000,0x00000000f7000000,0x00000000fb600000)
  to   space 70144K, 0% used [0x00000000fb980000,0x00000000fb980000,0x00000000ffe00000)
 ParOldGen       total 699392K, used 359378K [0x00000000c0000000, 0x00000000eab00000, 0x00000000eab00000)
  object space 699392K, 51% used [0x00000000c0000000,0x00000000d5ef4980,0x00000000eab00000)
 Metaspace       used 82377K, capacity 87478K, committed 87808K, reserved 1126400K
  class space    used 10263K, capacity 11035K, committed 11264K, reserved 1048576K
}
Event: 18863.574 GC heap before
{Heap before GC invocations=708 (full 55):
 PSYoungGen      total 273408K, used 201728K [0x00000000eab00000, 0x00000000ffe00000, 0x0000000100000000)
  eden space 201728K, 100% used [0x00000000eab00000,0x00000000f7000000,0x00000000f7000000)
  from space 71680K, 0% used [0x00000000f7000000,0x00000000f7000000,0x00000000fb600000)
  to   space 70144K, 0% used [0x00000000fb980000,0x00000000fb980000,0x00000000ffe00000)
 ParOldGen       total 699392K, used 359378K [0x00000000c0000000, 0x00000000eab00000, 0x00000000eab00000)
  object space 699392K, 51% used [0x00000000c0000000,0x00000000d5ef4980,0x00000000eab00000)
 Metaspace       used 82377K, capacity 87478K, committed 87808K, reserved 1126400K
  class space    used 10263K, capacity 11035K, committed 11264K, reserved 1048576K
Event: 18863.588 GC heap after
Heap after GC invocations=708 (full 55):
 PSYoungGen      total 274944K, used 19520K [0x00000000eab00000, 0x00000000ffb80000, 0x0000000100000000)
  eden space 207360K, 0% used [0x00000000eab00000,0x00000000eab00000,0x00000000f7580000)
  from space 67584K, 28% used [0x00000000fb980000,0x00000000fcc90000,0x00000000ffb80000)
  to   space 68608K, 0% used [0x00000000f7580000,0x00000000f7580000,0x00000000fb880000)
 ParOldGen       total 699392K, used 359378K [0x00000000c0000000, 0x00000000eab00000, 0x00000000eab00000)
  object space 699392K, 51% used [0x00000000c0000000,0x00000000d5ef4980,0x00000000eab00000)
 Metaspace       used 82377K, capacity 87478K, committed 87808K, reserved 1126400K
  class space    used 10263K, capacity 11035K, committed 11264K, reserved 1048576K
}
Event: 18863.662 GC heap before
{Heap before GC invocations=709 (full 55):
 PSYoungGen      total 274944K, used 226880K [0x00000000eab00000, 0x00000000ffb80000, 0x0000000100000000)
  eden space 207360K, 100% used [0x00000000eab00000,0x00000000f7580000,0x00000000f7580000)
  from space 67584K, 28% used [0x00000000fb980000,0x00000000fcc90000,0x00000000ffb80000)
  to   space 68608K, 0% used [0x00000000f7580000,0x00000000f7580000,0x00000000fb880000)
 ParOldGen       total 699392K, used 359378K [0x00000000c0000000, 0x00000000eab00000, 0x00000000eab00000)
  object space 699392K, 51% used [0x00000000c0000000,0x00000000d5ef4980,0x00000000eab00000)
 Metaspace       used 82377K, capacity 87478K, committed 87808K, reserved 1126400K
  class space    used 10263K, capacity 11035K, committed 11264K, reserved 1048576K
Event: 18863.684 GC heap after
Heap after GC invocations=709 (full 55):
 PSYoungGen      total 275968K, used 39872K [0x00000000eab00000, 0x0000000100000000, 0x0000000100000000)
  eden space 207360K, 0% used [0x00000000eab00000,0x00000000eab00000,0x00000000f7580000)
  from space 68608K, 58% used [0x00000000f7580000,0x00000000f9c70000,0x00000000fb880000)
  to   space 68096K, 0% used [0x00000000fbd80000,0x00000000fbd80000,0x0000000100000000)
 ParOldGen       total 699392K, used 359378K [0x00000000c0000000, 0x00000000eab00000, 0x00000000eab00000)
  object space 699392K, 51% used [0x00000000c0000000,0x00000000d5ef4980,0x00000000eab00000)
 Metaspace       used 82377K, capacity 87478K, committed 87808K, reserved 1126400K
  class space    used 10263K, capacity 11035K, committed 11264K, reserved 1048576K
}
Event: 18864.952 GC heap before
{Heap before GC invocations=710 (full 55):
 PSYoungGen      total 275968K, used 247232K [0x00000000eab00000, 0x0000000100000000, 0x0000000100000000)
  eden space 207360K, 100% used [0x00000000eab00000,0x00000000f7580000,0x00000000f7580000)
  from space 68608K, 58% used [0x00000000f7580000,0x00000000f9c70000,0x00000000fb880000)
  to   space 68096K, 0% used [0x00000000fbd80000,0x00000000fbd80000,0x0000000100000000)
 ParOldGen       total 699392K, used 359378K [0x00000000c0000000, 0x00000000eab00000, 0x00000000eab00000)
  object space 699392K, 51% used [0x00000000c0000000,0x00000000d5ef4bf8,0x00000000eab00000)
 Metaspace       used 82377K, capacity 87478K, committed 87808K, reserved 1126400K
  class space    used 10263K, capacity 11035K, committed 11264K, reserved 1048576K
Event: 18865.003 GC heap after
Heap after GC invocations=710 (full 55):
 PSYoungGen      total 251392K, used 68096K [0x00000000eab00000, 0x0000000100000000, 0x0000000100000000)
  eden space 183296K, 0% used [0x00000000eab00000,0x00000000eab00000,0x00000000f5e00000)
  from space 68096K, 100% used [0x00000000fbd80000,0x0000000100000000,0x0000000100000000)
  to   space 82944K, 0% used [0x00000000f5e00000,0x00000000f5e00000,0x00000000faf00000)
 ParOldGen       total 699392K, used 372887K [0x00000000c0000000, 0x00000000eab00000, 0x00000000eab00000)
  object space 699392K, 53% used [0x00000000c0000000,0x00000000d6c25e48,0x00000000eab00000)
 Metaspace       used 82377K, capacity 87478K, committed 87808K, reserved 1126400K
  class space    used 10263K, capacity 11035K, committed 11264K, reserved 1048576K
}
Event: 18872.475 GC heap before
{Heap before GC invocations=711 (full 55):
 PSYoungGen      total 251392K, used 251392K [0x00000000eab00000, 0x0000000100000000, 0x0000000100000000)
  eden space 183296K, 100% used [0x00000000eab00000,0x00000000f5e00000,0x00000000f5e00000)
  from space 68096K, 100% used [0x00000000fbd80000,0x0000000100000000,0x0000000100000000)
  to   space 82944K, 0% used [0x00000000f5e00000,0x00000000f5e00000,0x00000000faf00000)
 ParOldGen       total 699392K, used 372894K [0x00000000c0000000, 0x00000000eab00000, 0x00000000eab00000)
  object space 699392K, 53% used [0x00000000c0000000,0x00000000d6c27a30,0x00000000eab00000)
 Metaspace       used 82587K, capacity 87844K, committed 88064K, reserved 1126400K
  class space    used 10295K, capacity 11072K, committed 11264K, reserved 1048576K
Event: 18872.520 GC heap after
Heap after GC invocations=711 (full 55):
 PSYoungGen      total 239104K, used 55439K [0x00000000eab00000, 0x0000000100000000, 0x0000000100000000)
  eden space 183296K, 0% used [0x00000000eab00000,0x00000000eab00000,0x00000000f5e00000)
  from space 55808K, 99% used [0x00000000f5e00000,0x00000000f9423c10,0x00000000f9480000)
  to   space 85504K, 0% used [0x00000000fac80000,0x00000000fac80000,0x0000000100000000)
 ParOldGen       total 699392K, used 392134K [0x00000000c0000000, 0x00000000eab00000, 0x00000000eab00000)
  object space 699392K, 56% used [0x00000000c0000000,0x00000000d7ef1a30,0x00000000eab00000)
 Metaspace       used 82587K, capacity 87844K, committed 88064K, reserved 1126400K
  class space    used 10295K, capacity 11072K, committed 11264K, reserved 1048576K
}

